[1106/122516.673:ERROR:backend_impl.cc(1041)] Critical error found -8
[1106/122516.674:ERROR:entry_impl.cc(1075)] No file for c1030014
[1106/122516.674:WARNING:storage_block-inl.h(146)] Failed data load.
[1106/122516.674:WARNING:storage_block-inl.h(146)] Failed data load.
[1106/122516.674:WARNING:storage_block-inl.h(146)] Failed data load.
[1106/122516.675:WARNING:storage_block-inl.h(146)] Failed data load.
[1106/122516.675:ERROR:entry_impl.cc(1075)] No file for c1030004
[1106/122516.676:WARNING:storage_block-inl.h(146)] Failed data load.
[1106/122516.676:WARNING:storage_block-inl.h(146)] Failed data load.
[1106/122711.916:ERROR:gpu_init.cc(426)] Passthrough is not supported, GL is disabled
[1106/122834.304:WARNING:angle_platform_impl.cc(48)] HLSLCompiler.cpp:257 (compileToBinary): 
C:\fakepath(102,1-6): warning X4000: use of potentially uninitialized variable (dyn_index_vec4_float4)

[1106/122834.470:WARNING:angle_platform_impl.cc(48)] HLSLCompiler.cpp:257 (compileToBinary): 
C:\fakepath(135,1): warning X4000: use of potentially uninitialized variable (f_i)
C:\fakepath(137,1): warning X4000: use of potentially uninitialized variable (f_i)
C:\fakepath(173,1): warning X4000: use of potentially uninitialized variable (f_u)

[1106/122834.872:WARNING:angle_platform_impl.cc(48)] HLSLCompiler.cpp:257 (compileToBinary): 
C:\fakepath(165,1): warning X4000: use of potentially uninitialized variable (f_renderMipMapLevel)

[1106/122834.882:WARNING:angle_platform_impl.cc(48)] HLSLCompiler.cpp:257 (compileToBinary): 
C:\fakepath(165,1): warning X4000: use of potentially uninitialized variable (f_renderMipMapLevel)

[1106/122834.908:WARNING:angle_platform_impl.cc(48)] HLSLCompiler.cpp:257 (compileToBinary): 
C:\fakepath(165,1): warning X4000: use of potentially uninitialized variable (f_renderMipMapLevel)

[1106/122834.908:WARNING:angle_platform_impl.cc(48)] HLSLCompiler.cpp:257 (compileToBinary): 
C:\fakepath(165,1): warning X4000: use of potentially uninitialized variable (f_renderMipMapLevel)

[1106/122835.544:ERROR:gl_utils.cc(314)] [.WebGL-000006A0E1564E00] GL_INVALID_OPERATION: Mismatch between texture format and sampler type (signed/unsigned/float/shadow).
[1106/122835.545:ERROR:gl_utils.cc(314)] [.WebGL-000006A0E1564E00] GL_INVALID_OPERATION: Mismatch between texture format and sampler type (signed/unsigned/float/shadow).
[1106/122835.555:ERROR:gl_utils.cc(314)] [.WebGL-000006A0E1564E00] GL_INVALID_OPERATION: Mismatch between texture format and sampler type (signed/unsigned/float/shadow).
[1106/122835.555:ERROR:gl_utils.cc(314)] [.WebGL-000006A0E1564E00] GL_INVALID_OPERATION: Mismatch between texture format and sampler type (signed/unsigned/float/shadow).
[1106/123722.360:WARNING:angle_platform_impl.cc(48)] HLSLCompiler.cpp:257 (compileToBinary): 
C:\fakepath(102,1-6): warning X4000: use of potentially uninitialized variable (dyn_index_vec4_float4)

[1106/123722.530:WARNING:angle_platform_impl.cc(48)] HLSLCompiler.cpp:257 (compileToBinary): 
C:\fakepath(135,1): warning X4000: use of potentially uninitialized variable (f_i)
C:\fakepath(137,1): warning X4000: use of potentially uninitialized variable (f_i)
C:\fakepath(173,1): warning X4000: use of potentially uninitialized variable (f_u)

[1106/123724.092:WARNING:angle_platform_impl.cc(48)] HLSLCompiler.cpp:257 (compileToBinary): 
C:\fakepath(165,1): warning X4000: use of potentially uninitialized variable (f_renderMipMapLevel)

[1106/125028.235:WARNING:angle_platform_impl.cc(48)] HLSLCompiler.cpp:257 (compileToBinary): 
C:\fakepath(102,1-6): warning X4000: use of potentially uninitialized variable (dyn_index_vec4_float4)

[1106/125028.409:WARNING:angle_platform_impl.cc(48)] HLSLCompiler.cpp:257 (compileToBinary): 
C:\fakepath(135,1): warning X4000: use of potentially uninitialized variable (f_i)
C:\fakepath(137,1): warning X4000: use of potentially uninitialized variable (f_i)
C:\fakepath(173,1): warning X4000: use of potentially uninitialized variable (f_u)

[1106/125028.554:WARNING:angle_platform_impl.cc(48)] HLSLCompiler.cpp:257 (compileToBinary): 
C:\fakepath(165,1): warning X4000: use of potentially uninitialized variable (f_renderMipMapLevel)

[1106/125028.921:ERROR:gl_utils.cc(314)] [.WebGL-000006A0E2D00300] GL_INVALID_OPERATION: Two textures of different types use the same sampler location.
[1106/125028.921:ERROR:gl_utils.cc(314)] [.WebGL-000006A0E2D00300] GL_INVALID_OPERATION: Two textures of different types use the same sampler location.
[1106/125028.921:ERROR:gl_utils.cc(314)] [.WebGL-000006A0E2D00300] GL_INVALID_OPERATION: Two textures of different types use the same sampler location.
[1106/125028.921:ERROR:gl_utils.cc(314)] [.WebGL-000006A0E2D00300] GL_INVALID_OPERATION: Two textures of different types use the same sampler location.
[1106/125028.921:ERROR:gl_utils.cc(314)] [.WebGL-000006A0E2D00300] GL_INVALID_OPERATION: Two textures of different types use the same sampler location.
[1106/125028.936:ERROR:gl_utils.cc(314)] [.WebGL-000006A0E2D00300] GL_INVALID_OPERATION: Two textures of different types use the same sampler location.
[1106/125028.936:ERROR:gl_utils.cc(314)] [.WebGL-000006A0E2D00300] GL_INVALID_OPERATION: Two textures of different types use the same sampler location.
[1106/125028.937:ERROR:gl_utils.cc(314)] [.WebGL-000006A0E2D00300] GL_INVALID_OPERATION: Two textures of different types use the same sampler location.
[1106/125028.937:ERROR:gl_utils.cc(314)] [.WebGL-000006A0E2D00300] GL_INVALID_OPERATION: Two textures of different types use the same sampler location.
[1106/125028.937:ERROR:gl_utils.cc(314)] [.WebGL-000006A0E2D00300] GL_INVALID_OPERATION: Two textures of different types use the same sampler location.
[1106/130027.598:WARNING:spdy_session.cc(3431)] Received HEADERS for invalid stream 375
